[11:33:58.857] [INFO]: Loading config 'startup.json'.
[11:34:18.676] [INFO]: Loaded plugins: almostunified:common, almostunified:neoforge
[11:34:31.591] [WARN]: Reload detected. Reconstructing runtime.
[11:34:31.594] [INFO]: Loading config 'debug.json'.
[11:34:31.599] [INFO]: Loading config 'placeholders.json'.
[11:34:31.604] [INFO]: Loading config 'tags.json'.
[11:34:31.723] [WARN]: The following mods are used in unification settings, but are not loaded: [biggerreactors]
[11:34:31.761] [ERROR]: forbidden_arcanus:stella_arcanum is bound to multiple stone variant tags: TagKey[minecraft:item / c:ores_in_ground/deepslate] and TagKey[minecraft:item / c:ores_in_ground/stone]
[11:34:31.761] [ERROR]: forbidden_arcanus:stella_arcanum is bound to multiple stone variant tags: TagKey[minecraft:block / c:ores_in_ground/stone] and TagKey[minecraft:block / c:ores_in_ground/deepslate]
[11:34:31.769] [INFO]: [AutoHiding] Hiding 2/3 items for tag '#c:storage_blocks/raw_nickel' -> [modern_industrialization:raw_nickel_block, immersiveengineering:raw_block_nickel]
[11:34:31.769] [INFO]: [AutoHiding] Hiding 2/3 items for tag '#c:ingots/zinc' -> [create:zinc_ingot, railcraft:zinc_ingot]
[11:34:31.770] [INFO]: [AutoHiding] Hiding 2/4 items for tag '#c:ores/lapis' -> [deeperdarker:gloomslate_lapis_ore, deeperdarker:sculk_stone_lapis_ore]
[11:34:31.773] [INFO]: [AutoHiding] Hiding 3/4 items for tag '#c:gears/gold' -> [railcraft:gold_gear, industrialforegoing:gold_gear, modern_industrialization:gold_gear]
[11:34:31.773] [INFO]: [AutoHiding] Hiding 1/2 items for tag '#c:clumps/uranium' -> [mekanism:clump_uranium]
[11:34:31.773] [INFO]: [AutoHiding] Hiding 1/2 items for tag '#c:dirty_dusts/osmium' -> [mekanism:dirty_dust_osmium]
[11:34:31.773] [INFO]: [AutoHiding] Hiding 7/11 items for tag '#c:ores/nickel' -> [railcraft:deepslate_nickel_ore, immersiveengineering:ore_nickel, modern_industrialization:deepslate_nickel_ore, railcraft:nickel_ore, alltheores:other_nickel_ore, immersiveengineering:deepslate_ore_nickel, modern_industrialization:nickel_ore]
[11:34:31.774] [INFO]: [AutoHiding] Hiding 1/2 items for tag '#c:rods/tin' -> [modern_industrialization:tin_rod]
[11:34:31.774] [INFO]: [AutoHiding] Hiding 4/5 items for tag '#c:ingots/uranium' -> [immersiveengineering:ingot_uranium, modern_industrialization:uranium_ingot, bigreactors:yellorium_ingot, mekanism:ingot_uranium]
[11:34:31.774] [INFO]: [AutoHiding] Hiding 4/6 items for tag '#c:ores/iron' -> [undergarden:shiverstone_iron_ore, undergarden:depthrock_iron_ore, deeperdarker:gloomslate_iron_ore, deeperdarker:sculk_stone_iron_ore]
[11:34:31.775] [INFO]: [AutoHiding] Hiding 5/6 items for tag '#c:dusts/gold' -> [mekanism:dust_gold, occultism:gold_dust, enderio:powdered_gold, modern_industrialization:gold_dust, immersiveengineering:dust_gold]
[11:34:31.775] [INFO]: [AutoHiding] Hiding 5/6 items for tag '#c:ingots/steel' -> [railcraft:steel_ingot, mekanism:ingot_steel, immersiveengineering:ingot_steel, modern_industrialization:steel_ingot, mffs:steel_ingot]
[11:34:31.778] [INFO]: [AutoHiding] Hiding 4/5 items for tag '#c:storage_blocks/silver' -> [occultism:silver_block, railcraft:silver_block, immersiveengineering:storage_silver, modern_industrialization:silver_block]
[11:34:31.778] [INFO]: [AutoHiding] Hiding 1/2 items for tag '#c:dusts/platinum' -> [modern_industrialization:platinum_dust]
[11:34:31.779] [INFO]: [AutoHiding] Hiding 3/4 items for tag '#c:dusts/steel' -> [mekanism:dust_steel, immersiveengineering:dust_steel, modern_industrialization:steel_dust]
[11:34:31.779] [INFO]: [AutoHiding] Hiding 5/6 items for tag '#c:plates/copper' -> [railcraft:copper_plate, modern_industrialization:copper_plate, create:copper_sheet, immersiveengineering:plate_copper, xycraft_machines:copper_sheet]
[11:34:31.779] [INFO]: [AutoHiding] Hiding 4/6 items for tag '#c:ores/diamond' -> [undergarden:shiverstone_diamond_ore, deeperdarker:sculk_stone_diamond_ore, deeperdarker:gloomslate_diamond_ore, undergarden:depthrock_diamond_ore]
[11:34:31.779] [INFO]: [AutoHiding] Hiding 3/4 items for tag '#c:dusts/netherite' -> [occultism:netherite_dust, mekanism:dust_netherite, extended_industrialization:netherite_dust]
[11:34:31.779] [INFO]: [AutoHiding] Hiding 3/4 items for tag '#c:ingots/aluminum' -> [immersiveengineering:ingot_aluminum, modern_industrialization:aluminum_ingot, xycraft_world:aluminum_ingot]
[11:34:31.780] [INFO]: [AutoHiding] Hiding 2/3 items for tag '#c:plates/bronze' -> [railcraft:bronze_plate, modern_industrialization:bronze_plate]
[11:34:31.780] [INFO]: [AutoHiding] Hiding 2/4 items for tag '#c:ores/copper' -> [deeperdarker:sculk_stone_copper_ore, deeperdarker:gloomslate_copper_ore]
[11:34:31.780] [INFO]: [AutoHiding] Hiding 1/2 items for tag '#c:storage_blocks/charcoal' -> [justdirethings:charcoal]
[11:34:31.780] [INFO]: [AutoHiding] Hiding 1/2 items for tag '#c:rods/uranium' -> [modern_industrialization:uranium_rod]
[11:34:31.781] [INFO]: [AutoHiding] Hiding 3/6 items for tag '#c:ores/gold' -> [undergarden:depthrock_gold_ore, deeperdarker:gloomslate_gold_ore, deeperdarker:sculk_stone_gold_ore]
[11:34:31.781] [INFO]: [AutoHiding] Hiding 1/2 items for tag '#c:gears/diamond' -> [industrialforegoing:diamond_gear]
[11:34:31.781] [INFO]: [AutoHiding] Hiding 1/2 items for tag '#c:shards/iron' -> [mekanism:shard_iron]
[11:34:31.781] [INFO]: [AutoHiding] Hiding 2/3 items for tag '#c:storage_blocks/raw_tin' -> [modern_industrialization:raw_tin_block, mekanism:block_raw_tin]
[11:34:31.782] [INFO]: [AutoHiding] Hiding 1/2 items for tag '#c:clumps/iron' -> [mekanism:clump_iron]
[11:34:31.782] [INFO]: [AutoHiding] Hiding 3/4 items for tag '#c:plates/nickel' -> [railcraft:nickel_plate, modern_industrialization:nickel_plate, immersiveengineering:plate_nickel]
[11:34:31.782] [INFO]: [AutoHiding] Hiding 1/2 items for tag '#c:crystals/copper' -> [mekanism:crystal_copper]
[11:34:31.782] [INFO]: [AutoHiding] Hiding 2/3 items for tag '#c:raw_materials/zinc' -> [create:raw_zinc, railcraft:zinc_raw]
[11:34:31.782] [INFO]: [AutoHiding] Hiding 3/4 items for tag '#c:nuggets/uranium' -> [immersiveengineering:nugget_uranium, mekanism:nugget_uranium, modern_industrialization:uranium_nugget]
[11:34:31.783] [INFO]: [AutoHiding] Hiding 5/6 items for tag '#c:plates/gold' -> [create:golden_sheet, railcraft:gold_plate, immersiveengineering:plate_gold, xycraft_machines:gold_sheet, modern_industrialization:gold_plate]
[11:34:31.783] [INFO]: [AutoHiding] Hiding 4/5 items for tag '#c:storage_blocks/steel' -> [modern_industrialization:steel_block, mekanism:block_steel, railcraft:steel_block, immersiveengineering:storage_steel]
[11:34:31.783] [INFO]: [AutoHiding] Hiding 3/4 items for tag '#c:nuggets/nickel' -> [immersiveengineering:nugget_nickel, modern_industrialization:nickel_nugget, railcraft:nickel_nugget]
[11:34:31.784] [INFO]: [AutoHiding] Hiding 3/7 items for tag '#c:ores/fluorite' -> [mekanism:deepslate_fluorite_ore, alltheores:other_fluorite_ore, mekanism:fluorite_ore]
[11:34:31.784] [INFO]: [AutoHiding] Hiding 4/5 items for tag '#c:raw_materials/lead' -> [mekanism:raw_lead, modern_industrialization:raw_lead, immersiveengineering:raw_lead, railcraft:lead_raw]
[11:34:31.785] [INFO]: [AutoHiding] Hiding 1/2 items for tag '#c:nuggets/iridium' -> [modern_industrialization:iridium_nugget]
[11:34:31.785] [INFO]: [AutoHiding] Hiding 1/2 items for tag '#c:ingots/platinum' -> [modern_industrialization:platinum_ingot]
[11:34:31.785] [INFO]: [AutoHiding] Hiding 2/3 items for tag '#c:plates/electrum' -> [immersiveengineering:plate_electrum, modern_industrialization:electrum_plate]
[11:34:31.785] [INFO]: [AutoHiding] Hiding 4/5 items for tag '#c:ingots/silver' -> [modern_industrialization:silver_ingot, railcraft:silver_ingot, occultism:silver_ingot, immersiveengineering:ingot_silver]
[11:34:31.787] [INFO]: [AutoHiding] Hiding 1/2 items for tag '#c:raw_materials/iridium' -> [modern_industrialization:raw_iridium]
[11:34:31.787] [INFO]: [AutoHiding] Hiding 1/2 items for tag '#c:dusts/constantan' -> [immersiveengineering:dust_constantan]
[11:34:31.787] [INFO]: [AutoHiding] Hiding 1/2 items for tag '#c:crystals/lead' -> [mekanism:crystal_lead]
[11:34:31.787] [INFO]: [AutoHiding] Hiding 3/4 items for tag '#c:storage_blocks/raw_lead' -> [immersiveengineering:raw_block_lead, mekanism:block_raw_lead, modern_industrialization:raw_lead_block]
[11:34:31.787] [INFO]: [AutoHiding] Hiding 5/9 items for tag '#c:ores/zinc' -> [create:deepslate_zinc_ore, railcraft:zinc_ore, alltheores:other_zinc_ore, railcraft:deepslate_zinc_ore, create:zinc_ore]
[11:34:31.788] [INFO]: [AutoHiding] Hiding 1/2 items for tag '#c:gears/nickel' -> [railcraft:nickel_gear]
[11:34:31.788] [INFO]: [AutoHiding] Hiding 3/7 items for tag '#c:ores/osmium' -> [mekanism:deepslate_osmium_ore, mekanism:osmium_ore, alltheores:other_osmium_ore]
[11:34:31.789] [INFO]: [AutoHiding] Hiding 1/2 items for tag '#c:clumps/copper' -> [mekanism:clump_copper]
[11:34:31.789] [INFO]: [AutoHiding] Hiding 3/4 items for tag '#c:storage_blocks/tin' -> [modern_industrialization:tin_block, railcraft:tin_block, mekanism:block_tin]
[11:34:31.789] [INFO]: [AutoHiding] Hiding 1/2 items for tag '#c:plates/zinc' -> [railcraft:zinc_plate]
[11:34:31.790] [INFO]: [AutoHiding] Hiding 1/2 items for tag '#c:rods/bronze' -> [modern_industrialization:bronze_rod]
[11:34:31.790] [INFO]: [AutoHiding] Hiding 2/3 items for tag '#c:storage_blocks/raw_aluminum' -> [immersiveengineering:raw_block_aluminum, xycraft_world:raw_aluminum_block]
[11:34:31.790] [INFO]: [AutoHiding] Hiding 1/2 items for tag '#c:nuggets/osmium' -> [mekanism:nugget_osmium]
[11:34:31.790] [INFO]: [AutoHiding] Hiding 4/5 items for tag '#c:ingots/bronze' -> [railcraft:bronze_ingot, modern_industrialization:bronze_ingot, mekanism:ingot_bronze, silentgear:bronze_ingot]
[11:34:31.790] [INFO]: [AutoHiding] Hiding 9/13 items for tag '#c:ores/lead' -> [modern_industrialization:deepslate_lead_ore, railcraft:deepslate_lead_ore, modern_industrialization:lead_ore, mekanism:lead_ore, alltheores:other_lead_ore, railcraft:lead_ore, immersiveengineering:ore_lead, mekanism:deepslate_lead_ore, immersiveengineering:deepslate_ore_lead]
[11:34:31.790] [INFO]: [AutoHiding] Hiding 1/2 items for tag '#c:dirty_dusts/lead' -> [mekanism:dirty_dust_lead]
[11:34:31.791] [INFO]: [AutoHiding] Hiding 1/2 items for tag '#c:dusts/ruby' -> [modern_industrialization:ruby_dust]
[11:34:31.791] [INFO]: [AutoHiding] Hiding 1/2 items for tag '#c:gems/ruby' -> [irons_jewelry:ruby]
[11:34:31.792] [INFO]: [AutoHiding] Hiding 1/2 items for tag '#c:storage_blocks/raw_zinc' -> [create:raw_zinc_block]
[11:34:31.793] [INFO]: [AutoHiding] Hiding 1/2 items for tag '#c:nuggets/constantan' -> [immersiveengineering:nugget_constantan]
[11:34:31.793] [INFO]: [AutoHiding] Hiding 1/2 items for tag '#c:dusts/charcoal' -> [railcraft:charcoal_dust]
[11:34:31.793] [INFO]: [AutoHiding] Hiding 5/6 items for tag '#c:plates/iron' -> [modern_industrialization:iron_plate, xycraft_machines:iron_sheet, create:iron_sheet, railcraft:iron_plate, immersiveengineering:plate_iron]
[11:34:31.795] [INFO]: [AutoHiding] Hiding 1/2 items for tag '#c:shards/lead' -> [mekanism:shard_lead]
[11:34:31.795] [INFO]: [AutoHiding] Hiding 2/3 items for tag '#c:ingots/electrum' -> [modern_industrialization:electrum_ingot, immersiveengineering:ingot_electrum]
[11:34:31.796] [INFO]: [AutoHiding] Hiding 7/11 items for tag '#c:ores/silver' -> [railcraft:deepslate_silver_ore, immersiveengineering:ore_silver, occultism:silver_ore, alltheores:other_silver_ore, railcraft:silver_ore, immersiveengineering:deepslate_ore_silver, occultism:silver_ore_deepslate]
[11:34:31.796] [INFO]: [AutoHiding] Hiding 1/2 items for tag '#c:storage_blocks/sulfur' -> [modern_industrialization:sulfur_block]
[11:34:31.797] [INFO]: [AutoHiding] Hiding 6/10 items for tag '#c:ores/aluminum' -> [xycraft_world:aluminum_ore_stone, xycraft_world:aluminum_ore_deepslate, alltheores:other_aluminum_ore, xycraft_world:aluminum_ore_kivi, immersiveengineering:deepslate_ore_aluminum, immersiveengineering:ore_aluminum]
[11:34:31.797] [INFO]: [AutoHiding] Hiding 1/2 items for tag '#c:rods/netherite' -> [immersiveengineering:stick_netherite]
[11:34:31.797] [INFO]: [AutoHiding] Hiding 1/2 items for tag '#c:crystals/tin' -> [mekanism:crystal_tin]
[11:34:31.797] [INFO]: [AutoHiding] Hiding 1/2 items for tag '#c:clumps/gold' -> [mekanism:clump_gold]
[11:34:31.797] [INFO]: [AutoHiding] Hiding 1/2 items for tag '#c:storage_blocks/raw_platinum' -> [modern_industrialization:raw_platinum_block]
[11:34:31.797] [INFO]: [AutoHiding] Hiding 4/5 items for tag '#c:nuggets/silver' -> [occultism:silver_nugget, immersiveengineering:nugget_silver, modern_industrialization:silver_nugget, railcraft:silver_nugget]
[11:34:31.797] [INFO]: [AutoHiding] Hiding 3/4 items for tag '#c:dusts/coal' -> [railcraft:coal_dust, enderio:powdered_coal, modern_industrialization:coal_dust]
[11:34:31.797] [INFO]: [AutoHiding] Hiding 3/4 items for tag '#c:nuggets/bronze' -> [modern_industrialization:bronze_nugget, railcraft:bronze_nugget, mekanism:nugget_bronze]
[11:34:31.798] [INFO]: [AutoHiding] Hiding 3/4 items for tag '#c:storage_blocks/uranium' -> [immersiveengineering:storage_uranium, modern_industrialization:uranium_block, mekanism:block_uranium]
[11:34:31.798] [INFO]: [AutoHiding] Hiding 1/2 items for tag '#c:shards/uranium' -> [mekanism:shard_uranium]
[11:34:31.800] [INFO]: [AutoHiding] Hiding 1/2 items for tag '#c:ingots/iridium' -> [modern_industrialization:iridium_ingot]
[11:34:31.800] [INFO]: [AutoHiding] Hiding 3/4 items for tag '#c:dusts/diamond' -> [appflux:diamond_dust, modern_industrialization:diamond_dust, mekanism:dust_diamond]
[11:34:31.801] [INFO]: [AutoHiding] Hiding 1/2 items for tag '#c:plates/diamond' -> [modern_industrialization:diamond_plate]
[11:34:31.801] [INFO]: [AutoHiding] Hiding 2/3 items for tag '#c:gears/bronze' -> [modern_industrialization:bronze_gear, railcraft:bronze_gear]
[11:34:31.801] [INFO]: [AutoHiding] Hiding 1/2 items for tag '#c:dusts/fluorite' -> [mekanism:dust_fluorite]
[11:34:31.801] [INFO]: [AutoHiding] Hiding 4/5 items for tag '#c:ingots/lead' -> [immersiveengineering:ingot_lead, mekanism:ingot_lead, modern_industrialization:lead_ingot, railcraft:lead_ingot]
[11:34:31.801] [INFO]: [AutoHiding] Hiding 2/3 items for tag '#c:gears/tin' -> [railcraft:tin_gear, modern_industrialization:tin_gear]
[11:34:31.801] [INFO]: [AutoHiding] Hiding 3/4 items for tag '#c:plates/steel' -> [railcraft:steel_plate, immersiveengineering:plate_steel, modern_industrialization:steel_plate]
[11:34:31.801] [INFO]: [AutoHiding] Hiding 1/2 items for tag '#c:gears/silver' -> [railcraft:silver_gear]
[11:34:31.801] [INFO]: [AutoHiding] Hiding 2/3 items for tag '#c:dusts/electrum' -> [immersiveengineering:dust_electrum, modern_industrialization:electrum_dust]
[11:34:31.801] [INFO]: [AutoHiding] Hiding 4/5 items for tag '#c:nuggets/steel' -> [mekanism:nugget_steel, railcraft:steel_nugget, modern_industrialization:steel_nugget, immersiveengineering:nugget_steel]
[11:34:31.802] [INFO]: [AutoHiding] Hiding 3/4 items for tag '#c:rods/iron' -> [modern_industrialization:iron_rod, silentgear:iron_rod, immersiveengineering:stick_iron]
[11:34:31.802] [INFO]: [AutoHiding] Hiding 1/2 items for tag '#c:crystals/osmium' -> [mekanism:crystal_osmium]
[11:34:31.802] [INFO]: [AutoHiding] Hiding 2/4 items for tag '#c:ores/emerald' -> [deeperdarker:sculk_stone_emerald_ore, deeperdarker:gloomslate_emerald_ore]
[11:34:31.802] [INFO]: [AutoHiding] Hiding 1/2 items for tag '#c:gears/lead' -> [railcraft:lead_gear]
[11:34:31.803] [INFO]: [AutoHiding] Hiding 2/3 items for tag '#c:dusts/bronze' -> [mekanism:dust_bronze, modern_industrialization:bronze_dust]
[11:34:31.803] [INFO]: [AutoHiding] Hiding 4/5 items for tag '#c:raw_materials/silver' -> [immersiveengineering:raw_silver, railcraft:silver_raw, occultism:raw_silver, modern_industrialization:raw_silver]
[11:34:31.803] [INFO]: [AutoHiding] Hiding 3/4 items for tag '#c:storage_blocks/bronze' -> [railcraft:bronze_block, mekanism:block_bronze, modern_industrialization:bronze_block]
[11:34:31.803] [INFO]: [AutoHiding] Hiding 1/2 items for tag '#c:clumps/osmium' -> [mekanism:clump_osmium]
[11:34:31.803] [INFO]: [AutoHiding] Hiding 1/2 items for tag '#c:plates/constantan' -> [immersiveengineering:plate_constantan]
[11:34:31.804] [INFO]: [AutoHiding] Hiding 3/4 items for tag '#c:storage_blocks/raw_uranium' -> [mekanism:block_raw_uranium, modern_industrialization:raw_uranium_block, immersiveengineering:raw_block_uranium]
[11:34:31.804] [INFO]: [AutoHiding] Hiding 7/11 items for tag '#c:ores/tin' -> [railcraft:deepslate_tin_ore, mekanism:tin_ore, alltheores:other_tin_ore, modern_industrialization:tin_ore, railcraft:tin_ore, mekanism:deepslate_tin_ore, modern_industrialization:deepslate_tin_ore]
[11:34:31.804] [INFO]: [AutoHiding] Hiding 2/3 items for tag '#c:nuggets/zinc' -> [railcraft:zinc_nugget, create:zinc_nugget]
[11:34:31.805] [INFO]: [AutoHiding] Hiding 5/6 items for tag '#c:dusts/copper' -> [enderio:powdered_copper, immersiveengineering:dust_copper, mekanism:dust_copper, modern_industrialization:copper_dust, occultism:copper_dust]
[11:34:31.805] [INFO]: [AutoHiding] Hiding 2/6 items for tag '#c:ores/platinum' -> [modern_industrialization:platinum_ore, alltheores:other_platinum_ore]
[11:34:31.805] [INFO]: [AutoHiding] Hiding 1/2 items for tag '#c:dirty_dusts/iron' -> [mekanism:dirty_dust_iron]
[11:34:31.805] [INFO]: [AutoHiding] Hiding 2/3 items for tag '#c:storage_blocks/zinc' -> [create:zinc_block, railcraft:zinc_block]
[11:34:31.805] [INFO]: [AutoHiding] Hiding 2/3 items for tag '#c:plates/tin' -> [railcraft:tin_plate, modern_industrialization:tin_plate]
[11:34:31.805] [INFO]: [AutoHiding] Hiding 1/2 items for tag '#c:shards/tin' -> [mekanism:shard_tin]
[11:34:31.805] [INFO]: [AutoHiding] Hiding 3/4 items for tag '#c:plates/silver' -> [modern_industrialization:silver_plate, railcraft:silver_plate, immersiveengineering:plate_silver]
[11:34:31.806] [INFO]: [AutoHiding] Hiding 3/4 items for tag '#c:dusts/uranium' -> [immersiveengineering:dust_uranium, modern_industrialization:uranium_dust, mekanism:dust_uranium]
[11:34:31.806] [INFO]: [AutoHiding] Hiding 2/3 items for tag '#c:ingots/invar' -> [railcraft:invar_ingot, modern_industrialization:invar_ingot]
[11:34:31.806] [INFO]: [AutoHiding] Hiding 2/3 items for tag '#c:dusts/aluminum' -> [modern_industrialization:aluminum_dust, immersiveengineering:dust_aluminum]
[11:34:31.806] [INFO]: [AutoHiding] Hiding 2/3 items for tag '#c:storage_blocks/electrum' -> [immersiveengineering:storage_electrum, modern_industrialization:electrum_block]
[11:34:31.806] [INFO]: [AutoHiding] Hiding 4/5 items for tag '#c:dusts/obsidian' -> [enderio:powdered_obsidian, railcraft:obsidian_dust, create:powdered_obsidian, occultism:obsidian_dust]
[11:34:31.806] [INFO]: [AutoHiding] Hiding 2/3 items for tag '#c:gears/steel' -> [railcraft:steel_gear, modern_industrialization:steel_gear]
[11:34:31.806] [INFO]: [AutoHiding] Hiding 1/2 items for tag '#c:dirty_dusts/uranium' -> [mekanism:dirty_dust_uranium]
[11:34:31.806] [INFO]: [AutoHiding] Hiding 1/2 items for tag '#c:plates/uranium' -> [immersiveengineering:plate_uranium]
[11:34:31.806] [INFO]: [AutoHiding] Hiding 3/4 items for tag '#c:dusts/lead' -> [immersiveengineering:dust_lead, mekanism:dust_lead, modern_industrialization:lead_dust]
[11:34:31.806] [INFO]: [AutoHiding] Hiding 2/3 items for tag '#c:dusts/ender_pearl' -> [enderio:powdered_ender_pearl, railcraft:ender_dust]
[11:34:31.806] [INFO]: [AutoHiding] Hiding 3/4 items for tag '#c:dusts/tin' -> [mekanism:dust_tin, enderio:powdered_tin, modern_industrialization:tin_dust]
[11:34:31.807] [INFO]: [AutoHiding] Hiding 2/3 items for tag '#c:dusts/nickel' -> [immersiveengineering:dust_nickel, modern_industrialization:nickel_dust]
[11:34:31.807] [INFO]: [AutoHiding] Hiding 1/2 items for tag '#c:dirty_dusts/tin' -> [mekanism:dirty_dust_tin]
[11:34:31.808] [INFO]: [AutoHiding] Hiding 1/2 items for tag '#c:storage_blocks/raw_iridium' -> [modern_industrialization:raw_iridium_block]
[11:34:31.808] [INFO]: [AutoHiding] Hiding 1/2 items for tag '#c:silicon' -> [enderio:silicon]
[11:34:31.808] [INFO]: [AutoHiding] Hiding 2/3 items for tag '#c:rods/aluminum' -> [modern_industrialization:aluminum_rod, immersiveengineering:stick_aluminum]
[11:34:31.809] [INFO]: [AutoHiding] Hiding 3/4 items for tag '#c:ingots/nickel' -> [modern_industrialization:nickel_ingot, railcraft:nickel_ingot, immersiveengineering:ingot_nickel]
[11:34:31.811] [INFO]: [AutoHiding] Hiding 1/2 items for tag '#c:ingots/osmium' -> [mekanism:ingot_osmium]
[11:34:31.811] [INFO]: [AutoHiding] Hiding 2/3 items for tag '#c:rods/steel' -> [modern_industrialization:steel_rod, immersiveengineering:stick_steel]
[11:34:31.811] [INFO]: [AutoHiding] Hiding 4/5 items for tag '#c:dusts/sulfur' -> [immersiveengineering:dust_sulfur, modern_industrialization:sulfur_dust, mekanism:dust_sulfur, railcraft:sulfur_dust]
[11:34:31.812] [INFO]: [AutoHiding] Hiding 1/2 items for tag '#c:gears/zinc' -> [railcraft:zinc_gear]
[11:34:31.812] [INFO]: [AutoHiding] Hiding 3/4 items for tag '#c:nuggets/aluminum' -> [modern_industrialization:aluminum_nugget, immersiveengineering:nugget_aluminum, xycraft_world:aluminum_nugget]
[11:34:31.812] [INFO]: [AutoHiding] Hiding 3/4 items for tag '#c:storage_blocks/aluminum' -> [xycraft_world:aluminum_storage, modern_industrialization:aluminum_block, immersiveengineering:storage_aluminum]
[11:34:31.812] [INFO]: [AutoHiding] Hiding 1/2 items for tag '#c:gears/aluminum' -> [modern_industrialization:aluminum_gear]
[11:34:31.813] [INFO]: [AutoHiding] Hiding 3/4 items for tag '#c:plates/lead' -> [modern_industrialization:lead_plate, railcraft:lead_plate, immersiveengineering:plate_lead]
[11:34:31.813] [INFO]: [AutoHiding] Hiding 8/12 items for tag '#c:ores/uranium' -> [modern_industrialization:deepslate_uranium_ore, bigreactors:yellorite_ore, alltheores:other_uranium_ore, mekanism:deepslate_uranium_ore, mekanism:uranium_ore, immersiveengineering:ore_uranium, modern_industrialization:uranium_ore, immersiveengineering:deepslate_ore_uranium]
[11:34:31.813] [INFO]: [AutoHiding] Hiding 4/5 items for tag '#c:nuggets/lead' -> [modern_industrialization:lead_nugget, mekanism:nugget_lead, immersiveengineering:nugget_lead, railcraft:lead_nugget]
[11:34:31.813] [INFO]: [AutoHiding] Hiding 1/2 items for tag '#atm10:tiny_charcoals' -> [actuallyadditions:tiny_charcoal]
[11:34:31.813] [INFO]: [AutoHiding] Hiding 2/3 items for tag '#c:plates/invar' -> [railcraft:invar_plate, modern_industrialization:invar_plate]
[11:34:31.813] [INFO]: [AutoHiding] Hiding 1/2 items for tag '#c:crystals/iron' -> [mekanism:crystal_iron]
[11:34:31.813] [INFO]: [AutoHiding] Hiding 6/8 items for tag '#c:ores/redstone' -> [eternal_starlight:haze_ice_redstone_ore, eternal_starlight:voidstone_redstone_ore, eternal_starlight:grimstone_redstone_ore, eternal_starlight:eternal_ice_redstone_ore, deeperdarker:sculk_stone_redstone_ore, deeperdarker:gloomslate_redstone_ore]
[11:34:31.814] [INFO]: [AutoHiding] Hiding 1/2 items for tag '#c:shards/copper' -> [mekanism:shard_copper]
[11:34:31.814] [INFO]: [AutoHiding] Hiding 3/4 items for tag '#c:dusts/lapis' -> [enderio:powdered_lapis_lazuli, modern_industrialization:lapis_dust, occultism:lapis_dust]
[11:34:31.814] [INFO]: [AutoHiding] Hiding 3/7 items for tag '#c:ores/iridium' -> [modern_industrialization:deepslate_iridium_ore, alltheores:other_iridium_ore, modern_industrialization:iridium_ore]
[11:34:31.814] [INFO]: [AutoHiding] Hiding 2/3 items for tag '#c:plates/brass' -> [create:brass_sheet, railcraft:brass_plate]
[11:34:31.814] [INFO]: [AutoHiding] Hiding 1/2 items for tag '#c:raw_materials/platinum' -> [modern_industrialization:raw_platinum]
[11:34:31.814] [INFO]: [AutoHiding] Hiding 1/2 items for tag '#c:storage_blocks/constantan' -> [immersiveengineering:storage_constantan]
[11:34:31.816] [INFO]: [AutoHiding] Hiding 4/6 items for tag '#c:ores/coal' -> [undergarden:depthrock_coal_ore, deeperdarker:gloomslate_coal_ore, undergarden:shiverstone_coal_ore, deeperdarker:sculk_stone_coal_ore]
[11:34:31.816] [INFO]: [AutoHiding] Hiding 1/2 items for tag '#c:storage_blocks/raw_osmium' -> [mekanism:block_raw_osmium]
[11:34:31.816] [INFO]: [AutoHiding] Hiding 1/2 items for tag '#c:gems/sapphire' -> [irons_jewelry:sapphire]
[11:34:31.816] [INFO]: [AutoHiding] Hiding 1/2 items for tag '#c:crystals/gold' -> [mekanism:crystal_gold]
[11:34:31.816] [INFO]: [AutoHiding] Hiding 2/3 items for tag '#c:ingots/brass' -> [railcraft:brass_ingot, create:brass_ingot]
[11:34:31.817] [INFO]: [AutoHiding] Hiding 1/2 items for tag '#atm10:tiny_coals' -> [actuallyadditions:tiny_coal]
[11:34:31.817] [INFO]: [AutoHiding] Hiding 1/2 items for tag '#c:rods/copper' -> [modern_industrialization:copper_rod]
[11:34:31.817] [INFO]: [AutoHiding] Hiding 1/2 items for tag '#c:clumps/tin' -> [mekanism:clump_tin]
[11:34:31.818] [INFO]: [AutoHiding] Hiding 2/3 items for tag '#c:nuggets/electrum' -> [modern_industrialization:electrum_nugget, immersiveengineering:nugget_electrum]
[11:34:31.818] [INFO]: [AutoHiding] Hiding 3/4 items for tag '#c:plates/aluminum' -> [immersiveengineering:plate_aluminum, xycraft_machines:aluminum_sheet, modern_industrialization:aluminum_plate]
[11:34:31.818] [INFO]: [AutoHiding] Hiding 1/2 items for tag '#c:gems/fluorite' -> [mekanism:fluorite_gem]
[11:34:31.818] [INFO]: [AutoHiding] Hiding 2/3 items for tag '#c:raw_materials/aluminum' -> [xycraft_world:raw_aluminum, immersiveengineering:raw_aluminum]
[11:34:31.818] [INFO]: [AutoHiding] Hiding 1/2 items for tag '#c:nuggets/platinum' -> [modern_industrialization:platinum_nugget]
[11:34:31.818] [INFO]: [AutoHiding] Hiding 1/2 items for tag '#c:rods/gold' -> [modern_industrialization:gold_rod]
[11:34:31.818] [INFO]: [AutoHiding] Hiding 3/4 items for tag '#c:raw_materials/tin' -> [mekanism:raw_tin, railcraft:tin_raw, modern_industrialization:raw_tin]
[11:34:31.818] [INFO]: [AutoHiding] Hiding 3/4 items for tag '#c:nuggets/tin' -> [mekanism:nugget_tin, modern_industrialization:tin_nugget, railcraft:tin_nugget]
[11:34:31.818] [INFO]: [AutoHiding] Hiding 1/2 items for tag '#c:gears/brass' -> [railcraft:brass_gear]
[11:34:31.818] [INFO]: [AutoHiding] Hiding 1/2 items for tag '#c:rods/invar' -> [modern_industrialization:invar_rod]
[11:34:31.818] [INFO]: [AutoHiding] Hiding 1/2 items for tag '#c:dusts/iridium' -> [modern_industrialization:iridium_dust]
[11:34:31.818] [INFO]: [AutoHiding] Hiding 2/3 items for tag '#c:gears/invar' -> [modern_industrialization:invar_gear, railcraft:invar_gear]
[11:34:31.818] [INFO]: [AutoHiding] Hiding 4/5 items for tag '#c:gears/iron' -> [industrialforegoing:iron_gear, modern_industrialization:iron_gear, enderio:iron_gear, railcraft:iron_gear]
[11:34:31.818] [INFO]: [AutoHiding] Hiding 1/2 items for tag '#c:dusts/invar' -> [modern_industrialization:invar_dust]
[11:34:31.819] [INFO]: [AutoHiding] Hiding 3/4 items for tag '#c:dusts/emerald' -> [modern_industrialization:emerald_dust, occultism:emerald_dust, appflux:emerald_dust]
[11:34:31.819] [INFO]: [AutoHiding] Hiding 1/2 items for tag '#c:plates/platinum' -> [modern_industrialization:platinum_plate]
[11:34:31.819] [INFO]: [AutoHiding] Hiding 1/2 items for tag '#c:dirty_dusts/gold' -> [mekanism:dirty_dust_gold]
[11:34:31.819] [INFO]: [AutoHiding] Hiding 3/7 items for tag '#c:ores/sulfur' -> [railcraft:deepslate_sulfur_ore, alltheores:other_sulfur_ore, railcraft:sulfur_ore]
[11:34:31.819] [INFO]: [AutoHiding] Hiding 1/2 items for tag '#c:storage_blocks/fluorite' -> [mekanism:block_fluorite]
[11:34:31.819] [INFO]: [AutoHiding] Hiding 1/2 items for tag '#c:storage_blocks/iridium' -> [modern_industrialization:iridium_block]
[11:34:31.819] [INFO]: [AutoHiding] Hiding 1/2 items for tag '#c:shards/osmium' -> [mekanism:shard_osmium]
[11:34:31.821] [INFO]: [AutoHiding] Hiding 1/2 items for tag '#c:crystals/uranium' -> [mekanism:crystal_uranium]
[11:34:31.821] [INFO]: [AutoHiding] Hiding 1/2 items for tag '#c:shards/gold' -> [mekanism:shard_gold]
[11:34:31.821] [INFO]: [AutoHiding] Hiding 5/6 items for tag '#c:dusts/iron' -> [mekanism:dust_iron, modern_industrialization:iron_dust, occultism:iron_dust, enderio:powdered_iron, immersiveengineering:dust_iron]
[11:34:31.822] [INFO]: [AutoHiding] Hiding 1/2 items for tag '#c:dusts/osmium' -> [mekanism:dust_osmium]
[11:34:31.822] [INFO]: [AutoHiding] Hiding 1/2 items for tag '#c:storage_blocks/osmium' -> [mekanism:block_osmium]
[11:34:31.822] [INFO]: [AutoHiding] Hiding 2/3 items for tag '#c:gears/copper' -> [railcraft:copper_gear, modern_industrialization:copper_gear]
[11:34:31.822] [INFO]: [AutoHiding] Hiding 1/2 items for tag '#c:gears/netherite' -> [mifa:netherite_gear]
[11:34:31.822] [INFO]: [AutoHiding] Hiding 2/3 items for tag '#c:storage_blocks/brass' -> [create:brass_block, railcraft:brass_block]
[11:34:31.822] [INFO]: [AutoHiding] Hiding 3/4 items for tag '#c:storage_blocks/raw_silver' -> [immersiveengineering:raw_block_silver, modern_industrialization:raw_silver_block, occultism:raw_silver_block]
[11:34:31.822] [INFO]: [AutoHiding] Hiding 1/2 items for tag '#c:dirty_dusts/copper' -> [mekanism:dirty_dust_copper]
[11:34:31.822] [INFO]: [AutoHiding] Hiding 1/2 items for tag '#c:plates/iridium' -> [modern_industrialization:iridium_plate]
[11:34:31.822] [INFO]: [AutoHiding] Hiding 1/2 items for tag '#c:gems/peridot' -> [irons_jewelry:peridot]
[11:34:31.822] [INFO]: [AutoHiding] Hiding 3/4 items for tag '#c:raw_materials/uranium' -> [modern_industrialization:raw_uranium, immersiveengineering:raw_uranium, mekanism:raw_uranium]
[11:34:31.822] [INFO]: [AutoHiding] Hiding 1/2 items for tag '#c:clumps/lead' -> [mekanism:clump_lead]
[11:34:31.823] [INFO]: [AutoHiding] Hiding 4/5 items for tag '#c:storage_blocks/lead' -> [modern_industrialization:lead_block, immersiveengineering:storage_lead, railcraft:lead_block, mekanism:block_lead]
[11:34:31.823] [INFO]: [AutoHiding] Hiding 1/2 items for tag '#c:storage_blocks/platinum' -> [modern_industrialization:platinum_block]
[11:34:31.823] [INFO]: [AutoHiding] Hiding 1/2 items for tag '#c:raw_materials/osmium' -> [mekanism:raw_osmium]
[11:34:31.823] [INFO]: [AutoHiding] Hiding 2/3 items for tag '#c:nuggets/brass' -> [create:brass_nugget, railcraft:brass_nugget]
[11:34:31.823] [INFO]: [AutoHiding] Hiding 3/4 items for tag '#c:storage_blocks/nickel' -> [modern_industrialization:nickel_block, railcraft:nickel_block, immersiveengineering:storage_nickel]
[11:34:31.823] [INFO]: [AutoHiding] Hiding 3/4 items for tag '#c:ingots/tin' -> [railcraft:tin_ingot, mekanism:ingot_tin, modern_industrialization:tin_ingot]
[11:34:31.823] [INFO]: [AutoHiding] Hiding 3/4 items for tag '#c:dusts/silver' -> [modern_industrialization:silver_dust, immersiveengineering:dust_silver, occultism:silver_dust]
[11:34:31.823] [INFO]: [AutoHiding] Hiding 1/2 items for tag '#c:ingots/constantan' -> [immersiveengineering:ingot_constantan]
[11:34:31.823] [INFO]: [AutoHiding] Hiding 2/3 items for tag '#c:storage_blocks/invar' -> [railcraft:invar_block, modern_industrialization:invar_block]
[11:34:31.823] [INFO]: [AutoHiding] Hiding 5/6 items for tag '#c:nuggets/copper' -> [immersiveengineering:nugget_copper, create:copper_nugget, modern_industrialization:copper_nugget, everythingcopper:copper_nugget, pneumaticcraft:copper_nugget]
[11:34:31.824] [INFO]: [AutoHiding] Hiding 2/3 items for tag '#c:nuggets/invar' -> [modern_industrialization:invar_nugget, railcraft:invar_nugget]
[11:34:31.824] [INFO]: [AutoHiding] Hiding 3/4 items for tag '#c:raw_materials/nickel' -> [modern_industrialization:raw_nickel, immersiveengineering:raw_nickel, railcraft:nickel_raw]
[11:34:33.733] [INFO]: Loading config 'duplicates.json'.
[11:34:33.736] [INFO]: Recipe count: 65742
[11:34:33.743] [WARN]: Could not detect recipe type for recipe 'cataclysm:blasting/ancient_metal_nugget_from_blasting', skipping.
[11:34:33.744] [WARN]: Could not detect recipe type for recipe 'cataclysm:stonecutting/end_stone_pillar_from_stonecutting', skipping.
[11:34:33.748] [WARN]: Could not detect recipe type for recipe 'bibliocraft:wood/jungle/fancy_sign', skipping.
[11:34:33.748] [WARN]: Could not detect recipe type for recipe 'bibliocraft:wood/mangrove/fancy_sign', skipping.
[11:34:33.750] [WARN]: Could not detect recipe type for recipe 'cataclysm:stonecutting/polished_end_stone_from_stonecutting', skipping.
[11:34:33.750] [WARN]: Could not detect recipe type for recipe 'cataclysm:stonecutting/obsidian_bricks_from_stonecutting', skipping.
[11:34:33.752] [WARN]: Could not detect recipe type for recipe 'bibliocraft:wood/warped/fancy_sign', skipping.
[11:34:33.754] [WARN]: Could not detect recipe type for recipe 'cataclysm:stonecutting/stone_tile_wall_from_stonecutting', skipping.
[11:34:33.756] [WARN]: Could not detect recipe type for recipe 'cataclysm:stonecutting/chiseled_purpur_block_from_stonecutting', skipping.
[11:34:33.757] [WARN]: Could not detect recipe type for recipe 'cataclysm:stonecutting/obsidian_brick_wall_from_stonecutting', skipping.
[11:34:33.758] [WARN]: Could not detect recipe type for recipe 'cataclysm:stonecutting/polished_end_stone_stairs_from_stonecutting', skipping.
[11:34:33.765] [WARN]: Could not detect recipe type for recipe 'cataclysm:stonecutting/obsidian_brick_stairs_from_stonecutting', skipping.
[11:34:33.767] [WARN]: Could not detect recipe type for recipe 'cataclysm:stonecutting/stone_tile_slab_from_stonecutting', skipping.
[11:34:33.769] [WARN]: Could not detect recipe type for recipe 'cataclysm:stonecutting/purpur_wall_from_stonecutting', skipping.
[11:34:33.770] [WARN]: Could not detect recipe type for recipe 'cataclysm:stonecutting/chiseled_stone_brick_pillar_from_stonecutting', skipping.
[11:34:33.770] [WARN]: Could not detect recipe type for recipe 'sushigocrafting:fermenting_barrel/soy', skipping.
[11:34:33.771] [WARN]: Could not detect recipe type for recipe 'cataclysm:stonecutting/chiseled_end_stone_bricks_from_stonecutting', skipping.
[11:34:33.771] [WARN]: Could not detect recipe type for recipe 'bibliocraft:wood/birch/fancy_sign', skipping.
[11:34:33.771] [WARN]: Could not detect recipe type for recipe 'cataclysm:stonecutting/frosted_stone_brick_wall_from_stonecutting', skipping.
[11:34:33.772] [WARN]: Could not detect recipe type for recipe 'cataclysm:stonecutting/stone_tile_stairs_from_stonecutting', skipping.
[11:34:33.772] [WARN]: Could not detect recipe type for recipe 'cataclysm:stonecutting/quartz_brick_wall_from_stonecutting', skipping.
[11:34:33.772] [WARN]: Could not detect recipe type for recipe 'cataclysm:stonecutting/obsidian_brick_slab_from_stonecutting', skipping.
[11:34:33.775] [WARN]: Could not detect recipe type for recipe 'cataclysm:stonecutting/polished_end_stone_slab_from_stonecutting', skipping.
[11:34:33.777] [WARN]: Could not detect recipe type for recipe 'bibliocraft:wood/bamboo/fancy_sign', skipping.
[11:34:33.778] [WARN]: Could not detect recipe type for recipe 'cataclysm:blasting/black_steel_nugget_from_blasting', skipping.
[11:34:33.779] [WARN]: Could not detect recipe type for recipe 'immersiveengineering:arc_recycling_list', skipping.
[11:34:33.780] [WARN]: Could not detect recipe type for recipe 'cataclysm:stonecutting/frosted_stone_brick_stairs_from_stonecutting', skipping.
[11:34:33.781] [WARN]: Could not detect recipe type for recipe 'bibliocraft:wood/crimson/fancy_sign', skipping.
[11:34:33.782] [WARN]: Could not detect recipe type for recipe 'cataclysm:stonecutting/chiseled_obsidian_bricks_from_stonecutting', skipping.
[11:34:33.783] [WARN]: Could not detect recipe type for recipe 'cataclysm:stonecutting/frosted_stone_brick_slab_from_stonecutting', skipping.
[11:34:33.783] [WARN]: Could not detect recipe type for recipe 'cataclysm:stonecutting/stone_tiles_from_stonecutting', skipping.
[11:34:33.784] [WARN]: Could not detect recipe type for recipe 'bibliocraft:wood/dark_oak/fancy_sign', skipping.
[11:34:33.785] [WARN]: Could not detect recipe type for recipe 'bibliocraft:wood/oak/fancy_sign', skipping.
[11:34:33.785] [WARN]: Could not detect recipe type for recipe 'cataclysm:stonecutting/stone_pillar_from_stonecutting', skipping.
[11:34:33.785] [WARN]: Could not detect recipe type for recipe 'bibliocraft:wood/cherry/fancy_sign', skipping.
[11:34:33.787] [WARN]: Could not detect recipe type for recipe 'bibliocraft:wood/spruce/fancy_sign', skipping.
[11:34:33.788] [WARN]: Could not detect recipe type for recipe 'bibliocraft:wood/acacia/fancy_sign', skipping.
[11:34:56.854] [INFO]: Recipe count afterwards: 65067 (done in 23.12 s)
[11:35:15.637] [ERROR]: The following recipes were unified and threw exceptions when being loaded: [create:crushing/gloomslate_coal_ore, create:crushing/gloomslate_emerald_ore, create:crushing/sculk_stone_iron_ore, create:crushing/sculk_stone_emerald_ore, create:crushing/sculk_stone_gold_ore, create:crushing/gloomslate_iron_ore, create:crushing/sculk_stone_lapis_ore, create:crushing/sculk_stone_coal_ore, create:crushing/gloomslate_lapis_ore, create:crushing/gloomslate_redstone_ore, create:crushing/gloomslate_gold_ore, create:crushing/gloomslate_diamond_ore, create:crushing/sculk_stone_diamond_ore, create:crushing/sculk_stone_redstone_ore, create:crushing/sculk_stone_copper_ore, create:crushing/gloomslate_copper_ore]
[11:35:15.637] [WARN]: Try to add them to the ignore list and if the problem is gone, report it to the Almost Unified developers.
